C:\USERS\NSHMY_000\DOWNLOADS\SPHINXBASE\WIN32\SPHINX_JSGF2FSG\DEBUG\MAIN.OBJ
C:\USERS\NSHMY_000\DOWNLOADS\SPHINXBASE\WIN32\SPHINX_JSGF2FSG\DEBUG\VC110.PDB
C:\USERS\NSHMY_000\DOWNLOADS\SPHINXBASE\BIN\DEBUG\SPHINX_JSGF2FSG.ILK
C:\USERS\NSHMY_000\DOWNLOADS\SPHINXBASE\BIN\DEBUG\SPHINX_JSGF2FSG.EXE
C:\USERS\NSHMY_000\DOWNLOADS\SPHINXBASE\BIN\DEBUG\SPHINX_JSGF2FSG.PDB
C:\Users\Thomas\Desktop\Schoolwork\Spring 2015\CSE 486\Project\sphinxbase\win32\sphinx_jsgf2fsg\Debug\sphinx_jsgf2fsg.vcxprojResolveAssemblyReference.cache
C:\Users\Thomas\Desktop\Schoolwork\Spring 2015\CSE 486\Project\sphinxbase\win32\sphinx_jsgf2fsg\Debug\main.obj
C:\Users\Thomas\Desktop\Schoolwork\Spring 2015\CSE 486\Project\sphinxbase\win32\sphinx_jsgf2fsg\Debug\cl.command.1.tlog
C:\Users\Thomas\Desktop\Schoolwork\Spring 2015\CSE 486\Project\sphinxbase\win32\sphinx_jsgf2fsg\Debug\CL.read.1.tlog
C:\Users\Thomas\Desktop\Schoolwork\Spring 2015\CSE 486\Project\sphinxbase\win32\sphinx_jsgf2fsg\Debug\CL.write.1.tlog
C:\Users\Thomas\Desktop\Schoolwork\Spring 2015\CSE 486\Project\sphinxbase\win32\sphinx_jsgf2fsg\Debug\link-cvtres.read.1.tlog
C:\Users\Thomas\Desktop\Schoolwork\Spring 2015\CSE 486\Project\sphinxbase\win32\sphinx_jsgf2fsg\Debug\link-cvtres.write.1.tlog
C:\Users\Thomas\Desktop\Schoolwork\Spring 2015\CSE 486\Project\sphinxbase\win32\sphinx_jsgf2fsg\Debug\link-rc.read.1.tlog
C:\Users\Thomas\Desktop\Schoolwork\Spring 2015\CSE 486\Project\sphinxbase\win32\sphinx_jsgf2fsg\Debug\link-rc.write.1.tlog
C:\Users\Thomas\Desktop\Schoolwork\Spring 2015\CSE 486\Project\sphinxbase\win32\sphinx_jsgf2fsg\Debug\link.command.1.tlog
C:\Users\Thomas\Desktop\Schoolwork\Spring 2015\CSE 486\Project\sphinxbase\win32\sphinx_jsgf2fsg\Debug\link.read.1.tlog
C:\Users\Thomas\Desktop\Schoolwork\Spring 2015\CSE 486\Project\sphinxbase\win32\sphinx_jsgf2fsg\Debug\link.write.1.tlog
C:\Users\Thomas\Desktop\Schoolwork\Spring 2015\CSE 486\Project\sphinxbase\win32\sphinx_jsgf2fsg\Debug\vc110.idb
C:\Users\Thomas\Desktop\Schoolwork\Spring 2015\CSE 486\Project\sphinxbase\win32\sphinx_jsgf2fsg\Debug\vc110.pdb
C:\Users\Thomas\Desktop\Schoolwork\Spring 2015\CSE 486\Project\sphinxbase\\bin\Debug\sphinx_jsgf2fsg.exe
